2022-11-15 22:42:24 Новая почта не может повторять старую.
2022-11-15 22:42:29 Новая почта не может повторять старую.
2022-11-15 22:43:20 Новая почта не может повторять старую.
2022-11-15 22:43:24 Новая почта не может повторять старую.
2022-11-23 09:38:59 5
2022-11-23 09:38:59 1
2022-11-23 09:38:59 2
2022-11-23 09:38:59 4
2022-11-23 09:38:59 8
2022-11-23 10:03:23 5
2022-11-23 10:03:23 2
2022-11-23 10:03:23 1
2022-11-23 10:03:23 4
2022-11-23 10:03:23 50
2022-11-23 10:04:04 start setmatcher
2022-11-23 10:04:04 5
2022-11-23 10:04:04 2
2022-11-23 10:04:04 1
2022-11-23 10:04:04 4
2022-11-23 10:04:04 50
2022-11-23 10:04:04 stop setmatcher
2022-11-23 10:06:16 start setmatcher
2022-11-23 10:06:16 5
2022-11-23 10:06:16 2
2022-11-23 10:06:16 1
2022-11-23 10:06:16 4
2022-11-23 10:06:16 50
2022-11-23 10:06:16 stop setmatcher
2022-11-23 10:07:38 start setmatcher
2022-11-23 10:07:38 5
2022-11-23 10:07:38 24
2022-11-23 10:07:38 18
2022-11-23 10:07:38 4
2022-11-23 10:07:38 50
2022-11-23 10:07:38 stop setmatcher
2022-11-23 10:54:26 param: 2
2022-11-23 10:54:29 param: 10
2022-11-23 10:54:51 param: 24
2022-11-23 10:57:07 param: 2
2022-11-23 10:57:19 param: 2
2022-11-23 10:58:07 param: 2
2022-11-23 11:17:29 2
2022-11-23 11:17:37 2
2022-11-23 11:17:37 2
2022-11-25 02:31:36 start exam
2022-11-25 02:31:36 
2022-11-25 02:31:36 
2022-11-25 02:31:36 
2022-11-25 02:31:36 
2022-11-25 02:31:36 stop exam
2022-11-25 02:33:31 start exam
2022-11-25 02:33:31 
2022-11-25 02:33:31 Array
2022-11-25 02:33:31 
2022-11-25 02:33:31 
2022-11-25 02:33:31 stop exam
2022-11-25 02:33:51 start exam
2022-11-25 02:34:08 start exam
2022-11-25 02:34:08 
2022-11-25 02:34:08 Array
2022-11-25 02:34:08 
2022-11-25 02:34:08 
2022-11-25 02:34:08 stop exam
2022-11-25 02:34:50 start exam
2022-11-25 02:34:50 
2022-11-25 02:34:50 2022-11-24
2022-11-25 02:34:50 
2022-11-25 02:34:50 
2022-11-25 02:34:50 stop exam
2022-11-25 02:35:10 start exam
2022-11-25 02:35:10 
2022-11-25 02:35:10 2022-11-24
2022-11-25 02:35:10 
2022-11-25 02:35:10 
2022-11-25 02:35:10 stop exam
2022-11-25 02:36:04 start exam
2022-11-25 02:37:08 start exam
2022-11-25 02:37:08 
2022-11-25 02:37:08 2022-11-24
2022-11-25 02:37:08 
2022-11-25 02:37:08 
2022-11-25 02:37:08 stop exam
2022-11-25 02:37:08 2022-11-24
2022-11-25 02:37:17 start exam
2022-11-25 02:37:17 
2022-11-25 02:37:17 2022-11-24
2022-11-25 02:37:17 
2022-11-25 02:37:17 
2022-11-25 02:37:17 stop exam
2022-11-25 02:37:17 2022-11-24
2022-11-25 02:37:24 start exam
2022-11-25 02:37:24 
2022-11-25 02:37:24 2022-11-24
2022-11-25 02:37:24 
2022-11-25 02:37:24 
2022-11-25 02:37:24 stop exam
2022-11-25 02:37:24 2022-11-24
2022-11-25 02:37:26 start exam
2022-11-25 02:37:26 
2022-11-25 02:37:26 2022-11-24
2022-11-25 02:37:26 
2022-11-25 02:37:26 
2022-11-25 02:37:26 stop exam
2022-11-25 02:37:26 2022-11-24
2022-11-25 02:40:46 start exam
2022-11-25 02:40:46 
2022-11-25 02:40:46 2022-11-24
2022-11-25 02:40:46 
2022-11-25 02:40:46 
2022-11-25 02:40:46 stop exam
2022-11-25 02:40:46 2022-11-24
2022-11-25 02:40:52 start exam
2022-11-25 02:40:52 
2022-11-25 02:40:52 2022-11-24
2022-11-25 02:40:52 
2022-11-25 02:40:52 
2022-11-25 02:40:52 stop exam
2022-11-25 02:40:52 2022-11-24
2022-11-25 02:40:53 start exam
2022-11-25 02:40:53 
2022-11-25 02:40:53 2022-11-24
2022-11-25 02:40:53 
2022-11-25 02:40:53 
2022-11-25 02:40:53 stop exam
2022-11-25 02:40:53 2022-11-24
2022-11-25 02:47:35 start exam
2022-11-25 02:47:35 
2022-11-25 02:47:35 2022-11-24
2022-11-25 02:47:35 
2022-11-25 02:47:35 
2022-11-25 02:47:35 stop exam
2022-11-25 02:47:35 2022-11-24
2022-11-25 02:48:03 start exam
2022-11-25 02:48:03 
2022-11-25 02:48:03 2022-11-24
2022-11-25 02:48:03 
2022-11-25 02:48:03 
2022-11-25 02:48:03 stop exam
2022-11-25 02:48:03 2022-11-24
2022-11-25 02:49:19 start exam
2022-11-25 02:49:19 
2022-11-25 02:49:19 2022-11-24
2022-11-25 02:49:19 
2022-11-25 02:49:19 
2022-11-25 02:49:19 stop exam
2022-11-25 02:49:19 2022-11-24
2022-11-25 02:49:28 start exam
2022-11-25 02:49:28 
2022-11-25 02:49:28 2022-11-24
2022-11-25 02:49:28 
2022-11-25 02:49:28 
2022-11-25 02:49:28 stop exam
2022-11-25 02:49:28 2022-11-24
2022-11-25 02:49:43 start exam
2022-11-25 02:49:43 
2022-11-25 02:49:43 2022-11-24
2022-11-25 02:49:43 
2022-11-25 02:49:43 
2022-11-25 02:49:43 stop exam
2022-11-25 02:49:43 2022-11-24
2022-11-25 02:50:21 start exam
2022-11-25 02:50:21 
2022-11-25 02:50:21 2022-11-24
2022-11-25 02:50:21 
2022-11-25 02:50:21 
2022-11-25 02:50:21 stop exam
2022-11-25 02:50:21 2022-11-24
2022-11-25 02:51:27 start exam
2022-11-25 02:51:27 
2022-11-25 02:51:27 2022-11-24
2022-11-25 02:51:27 
2022-11-25 02:51:27 
2022-11-25 02:51:27 stop exam
2022-11-25 02:51:27 2022-11-24
2022-11-25 02:51:32 start exam
2022-11-25 02:51:32 
2022-11-25 02:51:32 2022-11-24
2022-11-25 02:51:32 
2022-11-25 02:51:32 
2022-11-25 02:51:32 stop exam
2022-11-25 02:51:32 2022-11-24
2022-11-25 03:34:01 17
2022-11-25 03:34:01 4
2022-11-25 03:34:01 
2022-11-25 03:36:45 17
2022-11-25 03:36:45 4
2022-11-25 03:36:45 
2022-11-25 03:37:13 17
2022-11-25 03:37:13 4
2022-11-25 03:37:13 
2022-11-25 03:37:32 17
2022-11-25 03:37:32 4
2022-11-25 03:37:32 
2022-11-25 03:41:28 17
2022-11-25 03:41:28 4
2022-11-25 03:41:28 
2022-11-25 03:41:42 17
2022-11-25 03:41:42 4
2022-11-25 03:41:42 
2022-11-25 03:41:49 17
2022-11-25 03:41:49 4
2022-11-25 03:41:49 9
2022-11-25 03:41:56 17
2022-11-25 03:41:56 4
2022-11-25 03:41:56 
2022-11-25 03:42:00 17
2022-11-25 03:42:00 4
2022-11-25 03:42:00 12
2022-11-25 03:42:04 17
2022-11-25 03:42:04 4
2022-11-25 03:42:04 7
2022-11-25 03:43:45 17
2022-11-25 03:43:45 4
2022-11-25 03:43:45 7
2022-11-25 03:43:50 13
2022-11-25 03:43:50 4
2022-11-25 03:43:50 9
2022-11-25 03:43:56 13
2022-11-25 03:43:56 4
2022-11-25 03:43:56 7
2022-11-25 03:44:13 13
2022-11-25 03:44:13 4
2022-11-25 03:44:13 7
2022-11-25 03:44:16 17
2022-11-25 03:44:16 4
2022-11-25 03:44:16 8
2022-11-25 04:07:45 2
2022-11-25 04:07:46 2
2022-11-25 04:08:03 2
2022-11-25 04:08:12 2
2022-11-25 04:08:19 0
2022-11-25 04:23:26 0
2022-11-25 11:27:00 0
2022-11-25 11:27:04 1
2022-11-25 11:27:08 1
2022-11-25 11:27:30 0
2022-11-25 11:27:40 1
2022-11-25 11:27:47 1
2022-11-25 11:29:24 1
2022-11-25 11:29:24 progressid: Array
2022-11-25 11:30:13 1
2022-11-25 11:30:13 progressid: 3
2022-11-25 11:33:46 1
2022-11-25 11:33:46 progressid: 3
2022-11-25 11:34:12 1
2022-11-25 11:34:12 progressid: 3
2022-11-25 11:34:13 1
2022-11-25 11:34:13 progressid: 3
2022-11-25 11:38:06 1
2022-11-25 11:38:06 progressid: 3
2022-11-25 11:38:22 1
2022-11-25 11:38:22 progressid: 3
2022-11-25 13:15:56 0
2022-11-25 13:16:09 0
2022-11-25 13:16:42 0
2022-11-25 13:19:35 0
2022-11-25 13:21:31 0
2022-11-25 13:32:01 0
2022-11-25 13:36:29 1
2022-11-25 13:36:29 progressid: 3
2022-11-25 15:23:49 0
2022-11-25 15:25:33 0
2022-11-25 15:25:44 0
2022-11-25 15:28:07 0
2022-11-25 15:28:21 1
2022-11-25 15:28:21 progressid: 35
2022-11-25 15:28:36 1
2022-11-25 15:28:36 progressid: 35
2022-11-25 15:28:43 1
2022-11-25 15:28:43 progressid: 35
2022-11-25 15:28:57 1
2022-11-25 15:28:57 progressid: 35
2022-11-25 15:29:27 1
2022-11-25 15:29:27 progressid: 3
2022-11-25 15:29:49 1
2022-11-25 15:29:49 progressid: 3
2022-11-25 15:36:35 0
2022-11-25 15:36:39 0
2022-11-25 15:36:39 0
2022-11-25 15:36:43 0
2022-11-25 15:36:51 1
2022-11-25 15:36:51 progressid: 37
2022-11-26 12:54:33 0
2022-11-26 15:40:04 0
2022-11-26 15:41:50 1
2022-11-26 15:41:50 progressid: 41
2022-11-26 15:43:10 1
2022-11-26 15:43:10 progressid: 41
2022-11-26 15:43:29 1
2022-11-26 15:43:29 progressid: 41
2022-11-26 22:23:33 0
2022-11-30 10:48:26 1
2022-11-30 10:48:26 progressid: 42
2022-11-30 10:48:32 0
2022-11-30 10:48:37 1
2022-11-30 10:48:37 progressid: 43
2022-11-30 10:48:41 1
2022-11-30 10:48:41 progressid: 43
2022-11-30 10:48:47 1
2022-11-30 10:48:47 progressid: 43
2022-12-01 22:50:42 testAttendanceOnePerson
2022-12-01 22:50:42 2
2022-12-01 22:50:42 2
2022-12-01 22:50:42 2022-10-30
2022-12-01 22:50:42 
2022-12-01 22:50:42 test
2022-12-01 22:50:42 
2022-12-01 22:50:42 endTestAttendanceOnePerson
2022-12-01 22:50:42 testAttendanceOnePerson
2022-12-01 22:50:42 2
2022-12-01 22:50:42 17
2022-12-01 22:50:42 2022-11-01
2022-12-01 22:50:42 
2022-12-01 22:50:42 test
2022-12-01 22:50:42 
2022-12-01 22:50:42 endTestAttendanceOnePerson
2022-12-01 22:50:42 testAttendanceOnePerson
2022-12-01 22:50:42 2
2022-12-01 22:50:42 17
2022-12-01 22:50:42 2022-11-01
2022-12-01 22:50:42 
2022-12-01 22:50:42 test2
2022-12-01 22:50:42 
2022-12-01 22:50:42 endTestAttendanceOnePerson
2022-12-01 22:50:42 testAttendanceOnePerson
2022-12-01 22:50:42 2
2022-12-01 22:50:42 2
2022-12-01 22:50:42 2022-11-16
2022-12-01 22:50:42 
2022-12-01 22:50:42 test2
2022-12-01 22:50:42 
2022-12-01 22:50:42 endTestAttendanceOnePerson
2022-12-01 22:50:42 testAttendanceOnePerson
2022-12-01 22:50:42 2
2022-12-01 22:50:42 17
2022-12-01 22:50:42 2022-11-16
2022-12-01 22:50:42 
2022-12-01 22:50:42 test2
2022-12-01 22:50:42 
2022-12-01 22:50:42 endTestAttendanceOnePerson
2022-12-01 22:50:42 testAttendanceOnePerson
2022-12-01 22:50:42 2
2022-12-01 22:50:42 17
2022-12-01 22:50:42 2022-11-16
2022-12-01 22:50:42 
2022-12-01 22:50:42 test2
2022-12-01 22:50:42 
2022-12-01 22:50:42 endTestAttendanceOnePerson
2022-12-01 22:50:42 testAttendanceOnePerson
2022-12-01 22:50:42 2
2022-12-01 22:50:42 2
2022-12-01 22:50:42 2022-11-16
2022-12-01 22:50:42 
2022-12-01 22:50:42 test3
2022-12-01 22:50:42 
2022-12-01 22:50:42 endTestAttendanceOnePerson
2022-12-01 22:50:42 testAttendanceOnePerson
2022-12-01 22:50:42 13
2022-12-01 22:50:42 2
2022-12-01 22:50:42 2022-10-30
2022-12-01 22:50:42 
2022-12-01 22:50:42 test
2022-12-01 22:50:42 
2022-12-01 22:50:42 endTestAttendanceOnePerson
2022-12-01 22:50:42 testAttendanceOnePerson
2022-12-01 22:50:42 13
2022-12-01 22:50:42 17
2022-12-01 22:50:42 2022-11-01
2022-12-01 22:50:42 
2022-12-01 22:50:42 test
2022-12-01 22:50:42 
2022-12-01 22:50:42 endTestAttendanceOnePerson
2022-12-01 22:50:42 testAttendanceOnePerson
2022-12-01 22:50:42 13
2022-12-01 22:50:42 17
2022-12-01 22:50:42 2022-11-01
2022-12-01 22:50:42 
2022-12-01 22:50:42 test2
2022-12-01 22:50:42 
2022-12-01 22:50:42 endTestAttendanceOnePerson
2022-12-01 22:50:42 testAttendanceOnePerson
2022-12-01 22:50:42 13
2022-12-01 22:50:42 2
2022-12-01 22:50:42 2022-11-16
2022-12-01 22:50:42 
2022-12-01 22:50:42 test2
2022-12-01 22:50:42 
2022-12-01 22:50:42 endTestAttendanceOnePerson
2022-12-01 22:50:42 testAttendanceOnePerson
2022-12-01 22:50:42 13
2022-12-01 22:50:42 17
2022-12-01 22:50:42 2022-11-16
2022-12-01 22:50:42 
2022-12-01 22:50:42 test2
2022-12-01 22:50:42 
2022-12-01 22:50:42 endTestAttendanceOnePerson
2022-12-01 22:50:42 testAttendanceOnePerson
2022-12-01 22:50:42 13
2022-12-01 22:50:42 17
2022-12-01 22:50:42 2022-11-16
2022-12-01 22:50:42 
2022-12-01 22:50:42 test2
2022-12-01 22:50:42 
2022-12-01 22:50:42 endTestAttendanceOnePerson
2022-12-01 22:50:42 testAttendanceOnePerson
2022-12-01 22:50:42 13
2022-12-01 22:50:42 2
2022-12-01 22:50:42 2022-11-16
2022-12-01 22:50:42 
2022-12-01 22:50:42 test3
2022-12-01 22:50:42 
2022-12-01 22:50:42 endTestAttendanceOnePerson
2022-12-01 22:50:42 testAttendanceOnePerson
2022-12-01 22:50:42 17
2022-12-01 22:50:42 2
2022-12-01 22:50:42 2022-10-30
2022-12-01 22:50:42 
2022-12-01 22:50:42 test
2022-12-01 22:50:42 
2022-12-01 22:50:42 endTestAttendanceOnePerson
2022-12-01 22:50:42 testAttendanceOnePerson
2022-12-01 22:50:42 17
2022-12-01 22:50:42 17
2022-12-01 22:50:42 2022-11-01
2022-12-01 22:50:42 
2022-12-01 22:50:42 test
2022-12-01 22:50:42 
2022-12-01 22:50:42 endTestAttendanceOnePerson
2022-12-01 22:50:42 testAttendanceOnePerson
2022-12-01 22:50:42 17
2022-12-01 22:50:42 17
2022-12-01 22:50:42 2022-11-01
2022-12-01 22:50:42 
2022-12-01 22:50:42 test2
2022-12-01 22:50:42 
2022-12-01 22:50:42 endTestAttendanceOnePerson
2022-12-01 22:50:42 testAttendanceOnePerson
2022-12-01 22:50:42 17
2022-12-01 22:50:42 2
2022-12-01 22:50:42 2022-11-16
2022-12-01 22:50:42 
2022-12-01 22:50:42 test2
2022-12-01 22:50:42 
2022-12-01 22:50:42 endTestAttendanceOnePerson
2022-12-01 22:50:42 testAttendanceOnePerson
2022-12-01 22:50:42 17
2022-12-01 22:50:42 17
2022-12-01 22:50:42 2022-11-16
2022-12-01 22:50:42 
2022-12-01 22:50:42 test2
2022-12-01 22:50:42 
2022-12-01 22:50:42 endTestAttendanceOnePerson
2022-12-01 22:50:42 testAttendanceOnePerson
2022-12-01 22:50:42 17
2022-12-01 22:50:42 17
2022-12-01 22:50:42 2022-11-16
2022-12-01 22:50:42 
2022-12-01 22:50:42 test2
2022-12-01 22:50:42 
2022-12-01 22:50:42 endTestAttendanceOnePerson
2022-12-01 22:50:42 testAttendanceOnePerson
2022-12-01 22:50:42 17
2022-12-01 22:50:42 2
2022-12-01 22:50:42 2022-11-16
2022-12-01 22:50:42 
2022-12-01 22:50:42 test3
2022-12-01 22:50:42 
2022-12-01 22:50:42 endTestAttendanceOnePerson
2022-12-01 22:58:10 6
2022-12-01 22:58:13 6
2022-12-01 23:33:35 rtjrtj
2022-12-01 23:33:35 2022-10-30
2022-12-01 23:33:35 test
2022-12-01 23:33:35 rtjrtj
2022-12-01 23:33:35 2022-11-16
2022-12-01 23:33:35 test2
2022-12-01 23:33:35 rtjrtj
2022-12-01 23:33:35 2022-11-16
2022-12-01 23:33:35 test3
2022-12-01 23:33:35 rtjrtj
2022-12-01 23:33:35 2022-11-01
2022-12-01 23:33:35 test
2022-12-01 23:33:35 rtjrtj
2022-12-01 23:33:35 2022-11-01
2022-12-01 23:33:35 test2
2022-12-01 23:33:35 rtjrtj
2022-12-01 23:33:35 2022-11-16
2022-12-01 23:33:35 test2
2022-12-01 23:39:34 rtjrtj
2022-12-01 23:39:34 
2022-12-01 23:39:34 
2022-12-01 23:39:34 rtjrtj
2022-12-01 23:39:34 
2022-12-01 23:39:34 
2022-12-01 23:39:34 rtjrtj
2022-12-01 23:39:34 
2022-12-01 23:39:34 
